c:\users\hirom\source\repos\hew4-2\debug\vc141.pdb
c:\users\hirom\source\repos\hew4-2\debug\vc141.idb
c:\users\hirom\source\repos\hew4-2\debug\input.obj
c:\users\hirom\source\repos\hew4-2\debug\texture.obj
c:\users\hirom\source\repos\hew4-2\debug\player.obj
c:\users\hirom\source\repos\hew4-2\debug\mydirect3d.obj
c:\users\hirom\source\repos\hew4-2\debug\main.obj
c:\users\hirom\source\repos\hew4-2\debug\light.obj
c:\users\hirom\source\repos\hew4-2\debug\grid.obj
c:\users\hirom\source\repos\hew4-2\debug\field.obj
c:\users\hirom\source\repos\hew4-2\debug\drink.obj
c:\users\hirom\source\repos\hew4-2\debug\debugproc.obj
c:\users\hirom\source\repos\hew4-2\debug\camera2.obj
c:\users\hirom\source\repos\hew4-2\debug\camera.obj
c:\users\hirom\source\repos\hew4-2\debug\box.obj
c:\users\hirom\source\repos\hew4-2\debug\bike.obj
c:\users\hirom\source\repos\hew4-2\debug\ground.obj
c:\users\hirom\source\repos\hew4-2\debug\sprite.obj
c:\users\hirom\source\repos\hew4-2\debug\score.obj
c:\users\hirom\source\repos\hew4-2\debug\scene.obj
c:\users\hirom\source\repos\hew4-2\debug\game.obj
c:\users\hirom\source\repos\hew4-2\debug\fade.obj
c:\users\hirom\source\repos\hew4-2\debug\title.obj
c:\users\hirom\source\repos\hew4-2\debug\result.obj
c:\users\hirom\source\repos\hew4-2\debug\start.obj
c:\users\hirom\source\repos\hew4-2\debug\hew4-2.exe
c:\users\hirom\source\repos\hew4-2\debug\hew4-2.ilk
c:\users\hirom\source\repos\hew4-2\debug\hew4-2.pdb
d:\ドキュメント\hew-1\hew4-2\debug\bike.obj
d:\ドキュメント\hew-1\hew4-2\debug\box.obj
d:\ドキュメント\hew-1\hew4-2\debug\camera.obj
d:\ドキュメント\hew-1\hew4-2\debug\camera2.obj
d:\ドキュメント\hew-1\hew4-2\debug\debugproc.obj
d:\ドキュメント\hew-1\hew4-2\debug\drink.obj
d:\ドキュメント\hew-1\hew4-2\debug\fade.obj
d:\ドキュメント\hew-1\hew4-2\debug\field.obj
d:\ドキュメント\hew-1\hew4-2\debug\game.obj
d:\ドキュメント\hew-1\hew4-2\debug\grid.obj
d:\ドキュメント\hew-1\hew4-2\debug\ground.obj
d:\ドキュメント\hew-1\hew4-2\debug\input.obj
d:\ドキュメント\hew-1\hew4-2\debug\kadai.obj
d:\ドキュメント\hew-1\hew4-2\debug\light.obj
d:\ドキュメント\hew-1\hew4-2\debug\main.obj
d:\ドキュメント\hew-1\hew4-2\debug\mydirect3d.obj
d:\ドキュメント\hew-1\hew4-2\debug\player.obj
d:\ドキュメント\hew-1\hew4-2\debug\result.obj
d:\ドキュメント\hew-1\hew4-2\debug\scene.obj
d:\ドキュメント\hew-1\hew4-2\debug\score.obj
d:\ドキュメント\hew-1\hew4-2\debug\sprite.obj
d:\ドキュメント\hew-1\hew4-2\debug\start.obj
d:\ドキュメント\hew-1\hew4-2\debug\texture.obj
d:\ドキュメント\hew-1\hew4-2\debug\title.obj
d:\ドキュメント\hew-1\hew4-2\debug\kadai.new.obj.enc
d:\ドキュメント\hew-1\hew4-2\debug\player.obj.enc
d:\ドキュメント\hew-1\hew4-2\debug\directx_sanple13.ilk
d:\ドキュメント\hew-1\hew4-2\debug\hew4-2.ilk
d:\ドキュメント\hew-1\hew4-2\debug\vc141.idb
d:\ドキュメント\hew-1\hew4-2\debug\directx_sanple13.pdb
d:\ドキュメント\hew-1\hew4-2\debug\hew4-2.pdb
d:\ドキュメント\hew-1\hew4-2\debug\vc141.pdb
d:\ドキュメント\hew-1\hew4-2\debug\hew4-2.exe
d:\ドキュメント\hew-1\hew4-2\debug\hew4-2.tlog\cl.command.1.tlog
d:\ドキュメント\hew-1\hew4-2\debug\hew4-2.tlog\cl.read.1.tlog
d:\ドキュメント\hew-1\hew4-2\debug\hew4-2.tlog\cl.write.1.tlog
d:\ドキュメント\hew-1\hew4-2\debug\hew4-2.tlog\link.command.1.tlog
d:\ドキュメント\hew-1\hew4-2\debug\hew4-2.tlog\link.read.1.tlog
d:\ドキュメント\hew-1\hew4-2\debug\hew4-2.tlog\link.write.1.tlog
